18:10:24,841 DEBUG main InternalLoggerFactory:newDefaultFactory:47 - Using Log4J as the default logging framework
18:10:24,847 DEBUG main ResourceLeakDetector:<clinit>:129 - -Dio.netty.leakDetection.level: simple
18:10:24,848 DEBUG main ResourceLeakDetector:<clinit>:130 - -Dio.netty.leakDetection.targetRecords: 4
18:10:24,869 DEBUG main InternalThreadLocalMap:<clinit>:54 - -Dio.netty.threadLocalMap.stringBuilder.initialSize: 1024
18:10:24,870 DEBUG main InternalThreadLocalMap:<clinit>:57 - -Dio.netty.threadLocalMap.stringBuilder.maxSize: 4096
18:10:24,882 DEBUG main MultithreadEventLoopGroup:<clinit>:44 - -Dio.netty.eventLoopThreads: 24
18:10:24,921 DEBUG main NioEventLoop:<clinit>:106 - -Dio.netty.noKeySetOptimization: false
18:10:24,921 DEBUG main NioEventLoop:<clinit>:107 - -Dio.netty.selectorAutoRebuildThreshold: 512
18:10:24,941 DEBUG main PlatformDependent:isWindows0:985 - Platform: Windows
18:10:24,944 DEBUG main PlatformDependent0:explicitNoUnsafeCause0:395 - -Dio.netty.noUnsafe: false
18:10:24,944 DEBUG main PlatformDependent0:javaVersion0:851 - Java version: 13
18:10:24,947 DEBUG main PlatformDependent0:<clinit>:120 - sun.misc.Unsafe.theUnsafe: available
18:10:24,948 DEBUG main PlatformDependent0:<clinit>:144 - sun.misc.Unsafe.copyMemory: available
18:10:24,949 DEBUG main PlatformDependent0:<clinit>:182 - java.nio.Buffer.address: available
18:10:24,950 DEBUG main PlatformDependent0:<clinit>:252 - direct buffer constructor: unavailable
java.lang.UnsupportedOperationException: Reflective setAccessible(true) disabled
	at io.netty.util.internal.ReflectionUtil.trySetAccessible(ReflectionUtil.java:31)
	at io.netty.util.internal.PlatformDependent0$4.run(PlatformDependent0.java:224)
	at java.base/java.security.AccessController.doPrivileged(AccessController.java:312)
	at io.netty.util.internal.PlatformDependent0.<clinit>(PlatformDependent0.java:218)
	at io.netty.util.internal.PlatformDependent.isAndroid(PlatformDependent.java:272)
	at io.netty.util.internal.PlatformDependent.<clinit>(PlatformDependent.java:92)
	at io.netty.channel.nio.NioEventLoop.newTaskQueue0(NioEventLoop.java:285)
	at io.netty.channel.nio.NioEventLoop.newTaskQueue(NioEventLoop.java:156)
	at io.netty.channel.nio.NioEventLoop.<init>(NioEventLoop.java:138)
	at io.netty.channel.nio.NioEventLoopGroup.newChild(NioEventLoopGroup.java:138)
	at io.netty.channel.nio.NioEventLoopGroup.newChild(NioEventLoopGroup.java:37)
	at io.netty.util.concurrent.MultithreadEventExecutorGroup.<init>(MultithreadEventExecutorGroup.java:84)
	at io.netty.util.concurrent.MultithreadEventExecutorGroup.<init>(MultithreadEventExecutorGroup.java:58)
	at io.netty.util.concurrent.MultithreadEventExecutorGroup.<init>(MultithreadEventExecutorGroup.java:47)
	at io.netty.channel.MultithreadEventLoopGroup.<init>(MultithreadEventLoopGroup.java:59)
	at io.netty.channel.nio.NioEventLoopGroup.<init>(NioEventLoopGroup.java:78)
	at io.netty.channel.nio.NioEventLoopGroup.<init>(NioEventLoopGroup.java:73)
	at io.netty.channel.nio.NioEventLoopGroup.<init>(NioEventLoopGroup.java:60)
	at io.vertx.core.net.impl.transport.Transport.eventLoopGroup(Transport.java:153)
	at io.vertx.core.impl.VertxImpl.<init>(VertxImpl.java:143)
	at io.vertx.core.impl.VertxImpl.vertx(VertxImpl.java:92)
	at io.vertx.core.impl.VertxFactoryImpl.vertx(VertxFactoryImpl.java:40)
	at io.vertx.core.impl.VertxFactoryImpl.vertx(VertxFactoryImpl.java:32)
	at io.vertx.core.Vertx.vertx(Vertx.java:85)
	at io.vertx.core.impl.launcher.commands.ClasspathHandler.create(ClasspathHandler.java:113)
	at io.vertx.core.impl.launcher.commands.BareCommand.startVertx(BareCommand.java:278)
	at io.vertx.core.impl.launcher.commands.BareCommand.run(BareCommand.java:192)
	at io.vertx.core.impl.launcher.commands.RunCommand.run(RunCommand.java:249)
	at io.vertx.core.impl.launcher.VertxCommandLauncher.execute(VertxCommandLauncher.java:248)
	at io.vertx.core.impl.launcher.VertxCommandLauncher.dispatch(VertxCommandLauncher.java:383)
	at io.vertx.core.impl.launcher.VertxCommandLauncher.dispatch(VertxCommandLauncher.java:346)
	at io.vertx.core.Launcher.main(Launcher.java:45)
18:10:24,954 DEBUG main PlatformDependent0:<clinit>:313 - java.nio.Bits.unaligned: available, true
18:10:24,956 DEBUG main PlatformDependent0:<clinit>:372 - jdk.internal.misc.Unsafe.allocateUninitializedArray(int): unavailable
java.lang.IllegalAccessException: class io.netty.util.internal.PlatformDependent0$6 cannot access class jdk.internal.misc.Unsafe (in module java.base) because module java.base does not export jdk.internal.misc to unnamed module @5762806e
	at java.base/jdk.internal.reflect.Reflection.newIllegalAccessException(Reflection.java:376)
	at java.base/java.lang.reflect.AccessibleObject.checkAccess(AccessibleObject.java:642)
	at java.base/java.lang.reflect.Method.invoke(Method.java:559)
	at io.netty.util.internal.PlatformDependent0$6.run(PlatformDependent0.java:334)
	at java.base/java.security.AccessController.doPrivileged(AccessController.java:312)
	at io.netty.util.internal.PlatformDependent0.<clinit>(PlatformDependent0.java:325)
	at io.netty.util.internal.PlatformDependent.isAndroid(PlatformDependent.java:272)
	at io.netty.util.internal.PlatformDependent.<clinit>(PlatformDependent.java:92)
	at io.netty.channel.nio.NioEventLoop.newTaskQueue0(NioEventLoop.java:285)
	at io.netty.channel.nio.NioEventLoop.newTaskQueue(NioEventLoop.java:156)
	at io.netty.channel.nio.NioEventLoop.<init>(NioEventLoop.java:138)
	at io.netty.channel.nio.NioEventLoopGroup.newChild(NioEventLoopGroup.java:138)
	at io.netty.channel.nio.NioEventLoopGroup.newChild(NioEventLoopGroup.java:37)
	at io.netty.util.concurrent.MultithreadEventExecutorGroup.<init>(MultithreadEventExecutorGroup.java:84)
	at io.netty.util.concurrent.MultithreadEventExecutorGroup.<init>(MultithreadEventExecutorGroup.java:58)
	at io.netty.util.concurrent.MultithreadEventExecutorGroup.<init>(MultithreadEventExecutorGroup.java:47)
	at io.netty.channel.MultithreadEventLoopGroup.<init>(MultithreadEventLoopGroup.java:59)
	at io.netty.channel.nio.NioEventLoopGroup.<init>(NioEventLoopGroup.java:78)
	at io.netty.channel.nio.NioEventLoopGroup.<init>(NioEventLoopGroup.java:73)
	at io.netty.channel.nio.NioEventLoopGroup.<init>(NioEventLoopGroup.java:60)
	at io.vertx.core.net.impl.transport.Transport.eventLoopGroup(Transport.java:153)
	at io.vertx.core.impl.VertxImpl.<init>(VertxImpl.java:143)
	at io.vertx.core.impl.VertxImpl.vertx(VertxImpl.java:92)
	at io.vertx.core.impl.VertxFactoryImpl.vertx(VertxFactoryImpl.java:40)
	at io.vertx.core.impl.VertxFactoryImpl.vertx(VertxFactoryImpl.java:32)
	at io.vertx.core.Vertx.vertx(Vertx.java:85)
	at io.vertx.core.impl.launcher.commands.ClasspathHandler.create(ClasspathHandler.java:113)
	at io.vertx.core.impl.launcher.commands.BareCommand.startVertx(BareCommand.java:278)
	at io.vertx.core.impl.launcher.commands.BareCommand.run(BareCommand.java:192)
	at io.vertx.core.impl.launcher.commands.RunCommand.run(RunCommand.java:249)
	at io.vertx.core.impl.launcher.VertxCommandLauncher.execute(VertxCommandLauncher.java:248)
	at io.vertx.core.impl.launcher.VertxCommandLauncher.dispatch(VertxCommandLauncher.java:383)
	at io.vertx.core.impl.launcher.VertxCommandLauncher.dispatch(VertxCommandLauncher.java:346)
	at io.vertx.core.Launcher.main(Launcher.java:45)
18:10:24,958 DEBUG main PlatformDependent0:<clinit>:385 - java.nio.DirectByteBuffer.<init>(long, int): unavailable
18:10:24,958 DEBUG main PlatformDependent:unsafeUnavailabilityCause0:1028 - sun.misc.Unsafe: available
18:10:24,975 DEBUG main PlatformDependent:maxDirectMemory0:1128 - maxDirectMemory: 4282384384 bytes (maybe)
18:10:24,975 DEBUG main PlatformDependent:tmpdir0:1147 - -Dio.netty.tmpdir: C:\Users\Placi\AppData\Local\Temp (java.io.tmpdir)
18:10:24,975 DEBUG main PlatformDependent:bitMode0:1226 - -Dio.netty.bitMode: 64 (sun.arch.data.model)
18:10:24,977 DEBUG main PlatformDependent:<clinit>:173 - -Dio.netty.maxDirectMemory: -1 bytes
18:10:24,977 DEBUG main PlatformDependent:<clinit>:180 - -Dio.netty.uninitializedArrayAllocationThreshold: -1
18:10:24,978 DEBUG main CleanerJava9:<clinit>:71 - java.nio.ByteBuffer.cleaner(): available
18:10:24,979 DEBUG main PlatformDependent:<clinit>:200 - -Dio.netty.noPreferDirect: false
18:10:24,987 DEBUG main PlatformDependent:<clinit>:890 - org.jctools-core.MpscChunkedArrayQueue: available
18:10:25,277 DEBUG main DefaultDnsServerAddressStreamProvider:<clinit>:82 - Default DNS servers: [/8.8.8.8:53, /8.8.4.4:53] (sun.net.dns.ResolverConfiguration)
18:10:25,381 DEBUG vert.x-eventloop-thread-0 PooledByteBufAllocator:<clinit>:142 - -Dio.netty.allocator.numHeapArenas: 24
18:10:25,382 DEBUG vert.x-eventloop-thread-0 PooledByteBufAllocator:<clinit>:143 - -Dio.netty.allocator.numDirectArenas: 24
18:10:25,382 DEBUG vert.x-eventloop-thread-0 PooledByteBufAllocator:<clinit>:145 - -Dio.netty.allocator.pageSize: 8192
18:10:25,382 DEBUG vert.x-eventloop-thread-0 PooledByteBufAllocator:<clinit>:150 - -Dio.netty.allocator.maxOrder: 11
18:10:25,382 DEBUG vert.x-eventloop-thread-0 PooledByteBufAllocator:<clinit>:154 - -Dio.netty.allocator.chunkSize: 16777216
18:10:25,382 DEBUG vert.x-eventloop-thread-0 PooledByteBufAllocator:<clinit>:155 - -Dio.netty.allocator.tinyCacheSize: 512
18:10:25,382 DEBUG vert.x-eventloop-thread-0 PooledByteBufAllocator:<clinit>:156 - -Dio.netty.allocator.smallCacheSize: 256
18:10:25,383 DEBUG vert.x-eventloop-thread-0 PooledByteBufAllocator:<clinit>:157 - -Dio.netty.allocator.normalCacheSize: 64
18:10:25,383 DEBUG vert.x-eventloop-thread-0 PooledByteBufAllocator:<clinit>:158 - -Dio.netty.allocator.maxCachedBufferCapacity: 32768
18:10:25,383 DEBUG vert.x-eventloop-thread-0 PooledByteBufAllocator:<clinit>:159 - -Dio.netty.allocator.cacheTrimInterval: 8192
18:10:25,383 DEBUG vert.x-eventloop-thread-0 PooledByteBufAllocator:<clinit>:160 - -Dio.netty.allocator.cacheTrimIntervalMillis: 0
18:10:25,383 DEBUG vert.x-eventloop-thread-0 PooledByteBufAllocator:<clinit>:161 - -Dio.netty.allocator.useCacheForAllThreads: true
18:10:25,383 DEBUG vert.x-eventloop-thread-0 PooledByteBufAllocator:<clinit>:162 - -Dio.netty.allocator.maxCachedByteBuffersPerChunk: 1023
18:10:25,431 DEBUG vert.x-eventloop-thread-0 NetUtil:<clinit>:139 - -Djava.net.preferIPv4Stack: false
18:10:25,432 DEBUG vert.x-eventloop-thread-0 NetUtil:<clinit>:140 - -Djava.net.preferIPv6Addresses: false
18:10:25,515 DEBUG vert.x-eventloop-thread-0 NetUtil:<clinit>:224 - Loopback interface: lo (Software Loopback Interface 1, 127.0.0.1)
18:10:25,516 DEBUG vert.x-eventloop-thread-0 NetUtil:run:289 - Failed to get SOMAXCONN from sysctl and file \proc\sys\net\core\somaxconn. Default: 200
18:10:25,638 DEBUG vert.x-eventloop-thread-0 DefaultChannelId:<clinit>:79 - -Dio.netty.processId: 18132 (auto-detected)
18:10:25,728 DEBUG vert.x-eventloop-thread-0 DefaultChannelId:<clinit>:101 - -Dio.netty.machineId: 1c:1b:0d:ff:fe:e2:83:85 (auto-detected)
18:10:25,754 DEBUG vert.x-eventloop-thread-0 ByteBufUtil:<clinit>:85 - -Dio.netty.allocator.type: pooled
18:10:25,755 DEBUG vert.x-eventloop-thread-0 ByteBufUtil:<clinit>:94 - -Dio.netty.threadLocalDirectBufferSize: 0
18:10:25,755 DEBUG vert.x-eventloop-thread-0 ByteBufUtil:<clinit>:97 - -Dio.netty.maxThreadLocalCharBufferSize: 16384
18:11:00,129 DEBUG vert.x-eventloop-thread-0 Recycler:<clinit>:96 - -Dio.netty.recycler.maxCapacityPerThread: 4096
18:11:00,129 DEBUG vert.x-eventloop-thread-0 Recycler:<clinit>:97 - -Dio.netty.recycler.maxSharedCapacityFactor: 2
18:11:00,129 DEBUG vert.x-eventloop-thread-0 Recycler:<clinit>:98 - -Dio.netty.recycler.linkCapacity: 16
18:11:00,129 DEBUG vert.x-eventloop-thread-0 Recycler:<clinit>:99 - -Dio.netty.recycler.ratio: 8
18:11:00,180 DEBUG vert.x-eventloop-thread-0 AbstractByteBuf:<clinit>:62 - -Dio.netty.buffer.checkAccessible: true
18:11:00,180 DEBUG vert.x-eventloop-thread-0 AbstractByteBuf:<clinit>:63 - -Dio.netty.buffer.checkBounds: true
18:11:00,181 DEBUG vert.x-eventloop-thread-0 ResourceLeakDetectorFactory:newResourceLeakDetector:195 - Loaded default ResourceLeakDetector: io.netty.util.ResourceLeakDetector@17bcca02
18:11:00,330 DEBUG vert.x-eventloop-thread-0 ZlibCodecFactory:<clinit>:39 - -Dio.netty.noJdkZlibDecoder: false
18:11:00,330 DEBUG vert.x-eventloop-thread-0 ZlibCodecFactory:<clinit>:42 - -Dio.netty.noJdkZlibEncoder: false
18:12:03,501 DEBUG main InternalLoggerFactory:newDefaultFactory:47 - Using Log4J as the default logging framework
18:12:03,505 DEBUG main ResourceLeakDetector:<clinit>:129 - -Dio.netty.leakDetection.level: simple
18:12:03,506 DEBUG main ResourceLeakDetector:<clinit>:130 - -Dio.netty.leakDetection.targetRecords: 4
18:12:03,520 DEBUG main InternalThreadLocalMap:<clinit>:54 - -Dio.netty.threadLocalMap.stringBuilder.initialSize: 1024
18:12:03,520 DEBUG main InternalThreadLocalMap:<clinit>:57 - -Dio.netty.threadLocalMap.stringBuilder.maxSize: 4096
18:12:03,527 DEBUG main MultithreadEventLoopGroup:<clinit>:44 - -Dio.netty.eventLoopThreads: 24
18:12:03,553 DEBUG main NioEventLoop:<clinit>:106 - -Dio.netty.noKeySetOptimization: false
18:12:03,554 DEBUG main NioEventLoop:<clinit>:107 - -Dio.netty.selectorAutoRebuildThreshold: 512
18:12:03,571 DEBUG main PlatformDependent:isWindows0:985 - Platform: Windows
18:12:03,573 DEBUG main PlatformDependent0:explicitNoUnsafeCause0:395 - -Dio.netty.noUnsafe: false
18:12:03,574 DEBUG main PlatformDependent0:javaVersion0:851 - Java version: 13
18:12:03,576 DEBUG main PlatformDependent0:<clinit>:120 - sun.misc.Unsafe.theUnsafe: available
18:12:03,577 DEBUG main PlatformDependent0:<clinit>:144 - sun.misc.Unsafe.copyMemory: available
18:12:03,577 DEBUG main PlatformDependent0:<clinit>:182 - java.nio.Buffer.address: available
18:12:03,578 DEBUG main PlatformDependent0:<clinit>:252 - direct buffer constructor: unavailable
java.lang.UnsupportedOperationException: Reflective setAccessible(true) disabled
	at io.netty.util.internal.ReflectionUtil.trySetAccessible(ReflectionUtil.java:31)
	at io.netty.util.internal.PlatformDependent0$4.run(PlatformDependent0.java:224)
	at java.base/java.security.AccessController.doPrivileged(AccessController.java:312)
	at io.netty.util.internal.PlatformDependent0.<clinit>(PlatformDependent0.java:218)
	at io.netty.util.internal.PlatformDependent.isAndroid(PlatformDependent.java:272)
	at io.netty.util.internal.PlatformDependent.<clinit>(PlatformDependent.java:92)
	at io.netty.channel.nio.NioEventLoop.newTaskQueue0(NioEventLoop.java:285)
	at io.netty.channel.nio.NioEventLoop.newTaskQueue(NioEventLoop.java:156)
	at io.netty.channel.nio.NioEventLoop.<init>(NioEventLoop.java:138)
	at io.netty.channel.nio.NioEventLoopGroup.newChild(NioEventLoopGroup.java:138)
	at io.netty.channel.nio.NioEventLoopGroup.newChild(NioEventLoopGroup.java:37)
	at io.netty.util.concurrent.MultithreadEventExecutorGroup.<init>(MultithreadEventExecutorGroup.java:84)
	at io.netty.util.concurrent.MultithreadEventExecutorGroup.<init>(MultithreadEventExecutorGroup.java:58)
	at io.netty.util.concurrent.MultithreadEventExecutorGroup.<init>(MultithreadEventExecutorGroup.java:47)
	at io.netty.channel.MultithreadEventLoopGroup.<init>(MultithreadEventLoopGroup.java:59)
	at io.netty.channel.nio.NioEventLoopGroup.<init>(NioEventLoopGroup.java:78)
	at io.netty.channel.nio.NioEventLoopGroup.<init>(NioEventLoopGroup.java:73)
	at io.netty.channel.nio.NioEventLoopGroup.<init>(NioEventLoopGroup.java:60)
	at io.vertx.core.net.impl.transport.Transport.eventLoopGroup(Transport.java:153)
	at io.vertx.core.impl.VertxImpl.<init>(VertxImpl.java:143)
	at io.vertx.core.impl.VertxImpl.vertx(VertxImpl.java:92)
	at io.vertx.core.impl.VertxFactoryImpl.vertx(VertxFactoryImpl.java:40)
	at io.vertx.core.impl.VertxFactoryImpl.vertx(VertxFactoryImpl.java:32)
	at io.vertx.core.Vertx.vertx(Vertx.java:85)
	at io.vertx.core.impl.launcher.commands.ClasspathHandler.create(ClasspathHandler.java:113)
	at io.vertx.core.impl.launcher.commands.BareCommand.startVertx(BareCommand.java:278)
	at io.vertx.core.impl.launcher.commands.BareCommand.run(BareCommand.java:192)
	at io.vertx.core.impl.launcher.commands.RunCommand.run(RunCommand.java:249)
	at io.vertx.core.impl.launcher.VertxCommandLauncher.execute(VertxCommandLauncher.java:248)
	at io.vertx.core.impl.launcher.VertxCommandLauncher.dispatch(VertxCommandLauncher.java:383)
	at io.vertx.core.impl.launcher.VertxCommandLauncher.dispatch(VertxCommandLauncher.java:346)
	at io.vertx.core.Launcher.main(Launcher.java:45)
18:12:03,582 DEBUG main PlatformDependent0:<clinit>:313 - java.nio.Bits.unaligned: available, true
18:12:03,584 DEBUG main PlatformDependent0:<clinit>:372 - jdk.internal.misc.Unsafe.allocateUninitializedArray(int): unavailable
java.lang.IllegalAccessException: class io.netty.util.internal.PlatformDependent0$6 cannot access class jdk.internal.misc.Unsafe (in module java.base) because module java.base does not export jdk.internal.misc to unnamed module @5762806e
	at java.base/jdk.internal.reflect.Reflection.newIllegalAccessException(Reflection.java:376)
	at java.base/java.lang.reflect.AccessibleObject.checkAccess(AccessibleObject.java:642)
	at java.base/java.lang.reflect.Method.invoke(Method.java:559)
	at io.netty.util.internal.PlatformDependent0$6.run(PlatformDependent0.java:334)
	at java.base/java.security.AccessController.doPrivileged(AccessController.java:312)
	at io.netty.util.internal.PlatformDependent0.<clinit>(PlatformDependent0.java:325)
	at io.netty.util.internal.PlatformDependent.isAndroid(PlatformDependent.java:272)
	at io.netty.util.internal.PlatformDependent.<clinit>(PlatformDependent.java:92)
	at io.netty.channel.nio.NioEventLoop.newTaskQueue0(NioEventLoop.java:285)
	at io.netty.channel.nio.NioEventLoop.newTaskQueue(NioEventLoop.java:156)
	at io.netty.channel.nio.NioEventLoop.<init>(NioEventLoop.java:138)
	at io.netty.channel.nio.NioEventLoopGroup.newChild(NioEventLoopGroup.java:138)
	at io.netty.channel.nio.NioEventLoopGroup.newChild(NioEventLoopGroup.java:37)
	at io.netty.util.concurrent.MultithreadEventExecutorGroup.<init>(MultithreadEventExecutorGroup.java:84)
	at io.netty.util.concurrent.MultithreadEventExecutorGroup.<init>(MultithreadEventExecutorGroup.java:58)
	at io.netty.util.concurrent.MultithreadEventExecutorGroup.<init>(MultithreadEventExecutorGroup.java:47)
	at io.netty.channel.MultithreadEventLoopGroup.<init>(MultithreadEventLoopGroup.java:59)
	at io.netty.channel.nio.NioEventLoopGroup.<init>(NioEventLoopGroup.java:78)
	at io.netty.channel.nio.NioEventLoopGroup.<init>(NioEventLoopGroup.java:73)
	at io.netty.channel.nio.NioEventLoopGroup.<init>(NioEventLoopGroup.java:60)
	at io.vertx.core.net.impl.transport.Transport.eventLoopGroup(Transport.java:153)
	at io.vertx.core.impl.VertxImpl.<init>(VertxImpl.java:143)
	at io.vertx.core.impl.VertxImpl.vertx(VertxImpl.java:92)
	at io.vertx.core.impl.VertxFactoryImpl.vertx(VertxFactoryImpl.java:40)
	at io.vertx.core.impl.VertxFactoryImpl.vertx(VertxFactoryImpl.java:32)
	at io.vertx.core.Vertx.vertx(Vertx.java:85)
	at io.vertx.core.impl.launcher.commands.ClasspathHandler.create(ClasspathHandler.java:113)
	at io.vertx.core.impl.launcher.commands.BareCommand.startVertx(BareCommand.java:278)
	at io.vertx.core.impl.launcher.commands.BareCommand.run(BareCommand.java:192)
	at io.vertx.core.impl.launcher.commands.RunCommand.run(RunCommand.java:249)
	at io.vertx.core.impl.launcher.VertxCommandLauncher.execute(VertxCommandLauncher.java:248)
	at io.vertx.core.impl.launcher.VertxCommandLauncher.dispatch(VertxCommandLauncher.java:383)
	at io.vertx.core.impl.launcher.VertxCommandLauncher.dispatch(VertxCommandLauncher.java:346)
	at io.vertx.core.Launcher.main(Launcher.java:45)
18:12:03,585 DEBUG main PlatformDependent0:<clinit>:385 - java.nio.DirectByteBuffer.<init>(long, int): unavailable
18:12:03,585 DEBUG main PlatformDependent:unsafeUnavailabilityCause0:1028 - sun.misc.Unsafe: available
18:12:03,599 DEBUG main PlatformDependent:maxDirectMemory0:1128 - maxDirectMemory: 4282384384 bytes (maybe)
18:12:03,599 DEBUG main PlatformDependent:tmpdir0:1147 - -Dio.netty.tmpdir: C:\Users\Placi\AppData\Local\Temp (java.io.tmpdir)
18:12:03,599 DEBUG main PlatformDependent:bitMode0:1226 - -Dio.netty.bitMode: 64 (sun.arch.data.model)
18:12:03,601 DEBUG main PlatformDependent:<clinit>:173 - -Dio.netty.maxDirectMemory: -1 bytes
18:12:03,601 DEBUG main PlatformDependent:<clinit>:180 - -Dio.netty.uninitializedArrayAllocationThreshold: -1
18:12:03,602 DEBUG main CleanerJava9:<clinit>:71 - java.nio.ByteBuffer.cleaner(): available
18:12:03,602 DEBUG main PlatformDependent:<clinit>:200 - -Dio.netty.noPreferDirect: false
18:12:03,610 DEBUG main PlatformDependent:<clinit>:890 - org.jctools-core.MpscChunkedArrayQueue: available
18:12:03,872 DEBUG main DefaultDnsServerAddressStreamProvider:<clinit>:82 - Default DNS servers: [/8.8.8.8:53, /8.8.4.4:53] (sun.net.dns.ResolverConfiguration)
18:12:03,964 DEBUG vert.x-eventloop-thread-0 PooledByteBufAllocator:<clinit>:142 - -Dio.netty.allocator.numHeapArenas: 24
18:12:03,964 DEBUG vert.x-eventloop-thread-0 PooledByteBufAllocator:<clinit>:143 - -Dio.netty.allocator.numDirectArenas: 24
18:12:03,964 DEBUG vert.x-eventloop-thread-0 PooledByteBufAllocator:<clinit>:145 - -Dio.netty.allocator.pageSize: 8192
18:12:03,964 DEBUG vert.x-eventloop-thread-0 PooledByteBufAllocator:<clinit>:150 - -Dio.netty.allocator.maxOrder: 11
18:12:03,965 DEBUG vert.x-eventloop-thread-0 PooledByteBufAllocator:<clinit>:154 - -Dio.netty.allocator.chunkSize: 16777216
18:12:03,965 DEBUG vert.x-eventloop-thread-0 PooledByteBufAllocator:<clinit>:155 - -Dio.netty.allocator.tinyCacheSize: 512
18:12:03,965 DEBUG vert.x-eventloop-thread-0 PooledByteBufAllocator:<clinit>:156 - -Dio.netty.allocator.smallCacheSize: 256
18:12:03,965 DEBUG vert.x-eventloop-thread-0 PooledByteBufAllocator:<clinit>:157 - -Dio.netty.allocator.normalCacheSize: 64
18:12:03,965 DEBUG vert.x-eventloop-thread-0 PooledByteBufAllocator:<clinit>:158 - -Dio.netty.allocator.maxCachedBufferCapacity: 32768
18:12:03,965 DEBUG vert.x-eventloop-thread-0 PooledByteBufAllocator:<clinit>:159 - -Dio.netty.allocator.cacheTrimInterval: 8192
18:12:03,965 DEBUG vert.x-eventloop-thread-0 PooledByteBufAllocator:<clinit>:160 - -Dio.netty.allocator.cacheTrimIntervalMillis: 0
18:12:03,965 DEBUG vert.x-eventloop-thread-0 PooledByteBufAllocator:<clinit>:161 - -Dio.netty.allocator.useCacheForAllThreads: true
18:12:03,965 DEBUG vert.x-eventloop-thread-0 PooledByteBufAllocator:<clinit>:162 - -Dio.netty.allocator.maxCachedByteBuffersPerChunk: 1023
18:12:04,002 DEBUG vert.x-eventloop-thread-0 NetUtil:<clinit>:139 - -Djava.net.preferIPv4Stack: false
18:12:04,003 DEBUG vert.x-eventloop-thread-0 NetUtil:<clinit>:140 - -Djava.net.preferIPv6Addresses: false
18:12:04,091 DEBUG vert.x-eventloop-thread-0 NetUtil:<clinit>:224 - Loopback interface: lo (Software Loopback Interface 1, 127.0.0.1)
18:12:04,092 DEBUG vert.x-eventloop-thread-0 NetUtil:run:289 - Failed to get SOMAXCONN from sysctl and file \proc\sys\net\core\somaxconn. Default: 200
18:12:04,204 DEBUG vert.x-eventloop-thread-0 DefaultChannelId:<clinit>:79 - -Dio.netty.processId: 15484 (auto-detected)
18:12:04,291 DEBUG vert.x-eventloop-thread-0 DefaultChannelId:<clinit>:101 - -Dio.netty.machineId: 1c:1b:0d:ff:fe:e2:83:85 (auto-detected)
18:12:04,311 DEBUG vert.x-eventloop-thread-0 ByteBufUtil:<clinit>:85 - -Dio.netty.allocator.type: pooled
18:12:04,311 DEBUG vert.x-eventloop-thread-0 ByteBufUtil:<clinit>:94 - -Dio.netty.threadLocalDirectBufferSize: 0
18:12:04,311 DEBUG vert.x-eventloop-thread-0 ByteBufUtil:<clinit>:97 - -Dio.netty.maxThreadLocalCharBufferSize: 16384
18:12:05,313 DEBUG vert.x-eventloop-thread-0 Recycler:<clinit>:96 - -Dio.netty.recycler.maxCapacityPerThread: 4096
18:12:05,314 DEBUG vert.x-eventloop-thread-0 Recycler:<clinit>:97 - -Dio.netty.recycler.maxSharedCapacityFactor: 2
18:12:05,314 DEBUG vert.x-eventloop-thread-0 Recycler:<clinit>:98 - -Dio.netty.recycler.linkCapacity: 16
18:12:05,314 DEBUG vert.x-eventloop-thread-0 Recycler:<clinit>:99 - -Dio.netty.recycler.ratio: 8
18:12:05,320 DEBUG vert.x-eventloop-thread-0 AbstractByteBuf:<clinit>:62 - -Dio.netty.buffer.checkAccessible: true
18:12:05,320 DEBUG vert.x-eventloop-thread-0 AbstractByteBuf:<clinit>:63 - -Dio.netty.buffer.checkBounds: true
18:12:05,321 DEBUG vert.x-eventloop-thread-0 ResourceLeakDetectorFactory:newResourceLeakDetector:195 - Loaded default ResourceLeakDetector: io.netty.util.ResourceLeakDetector@17bcca02
18:12:05,380 DEBUG vert.x-eventloop-thread-0 ZlibCodecFactory:<clinit>:39 - -Dio.netty.noJdkZlibDecoder: false
18:12:05,380 DEBUG vert.x-eventloop-thread-0 ZlibCodecFactory:<clinit>:42 - -Dio.netty.noJdkZlibEncoder: false
